<?xml version="1.0" encoding="UTF-8"?>
<x_dimension name="test_dim" 
    xmlns="uri:lens:cube:0.1" xmlns:xsi="http://www.w3.org/2001/XMLSchema-instance"
    xsi:schemaLocation="uri:lens:cube:0.1 cube-0.1.xsd ">
  <attributes>
    <dim_attributes name="id" type="int"/>
    <dim_attributes name="name" type="string" />
    <dim_attributes name="detail" type="string" start_time='2013-12-01-00:00'/>
    <dim_attributes name="d2id" type="int" start_time='2013-12-01-00:00'>
      <references>
        <table_references dest_table="test_dim2" dest_column="id"/>
      </references>
    </dim_attributes>
  </attributes>
  
  <properties>
    <properties name="test_dim.prop" value="test" />
    <properties name="dimension.test_dim.timed.dimension" value="dt" />
  </properties>
</x_dimension>
